<?xml version="1.0" encoding="UTF-8"?>
<testsuite name="com.example.highenddetailing.gallerysubdomain.presentationlayer.GalleriesControllerUnitTest" tests="1" skipped="0" failures="0" errors="0" timestamp="2024-12-11T15:19:39" hostname="LAPTOP-29CVF696" time="0.011">
  <properties/>
  <testcase name="whenGetAllGalleries_thenReturnAllGalleries()" classname="com.example.highenddetailing.gallerysubdomain.presentationlayer.GalleriesControllerUnitTest" time="0.011"/>
  <system-out><![CDATA[2024-12-11T10:19:39.302-05:00  INFO 15604 --- [HighEndDetailing] [    Test worker] t.c.s.AnnotationConfigContextLoaderUtils : Could not detect default configuration classes for test class [com.example.highenddetailing.gallerysubdomain.presentationlayer.GalleriesControllerUnitTest]: GalleriesControllerUnitTest does not declare any static, non-private, non-final, nested classes annotated with @Configuration.
2024-12-11T10:19:39.311-05:00  INFO 15604 --- [HighEndDetailing] [    Test worker] .b.t.c.SpringBootTestContextBootstrapper : Found @SpringBootConfiguration com.example.highenddetailing.HighEndDetailingApplication for test class com.example.highenddetailing.gallerysubdomain.presentationlayer.GalleriesControllerUnitTest

  .   ____          _            __ _ _
 /\\ / ___'_ __ _ _(_)_ __  __ _ \ \ \ \
( ( )\___ | '_ | '_| | '_ \/ _` | \ \ \ \
 \\/  ___)| |_)| | | | | || (_| |  ) ) ) )
  '  |____| .__|_| |_|_| |_\__, | / / / /
 =========|_|==============|___/=/_/_/_/

 :: Spring Boot ::                (v3.3.5)

2024-12-11T10:19:39.346-05:00  INFO 15604 --- [HighEndDetailing] [    Test worker] c.e.h.g.p.GalleriesControllerUnitTest    : Starting GalleriesControllerUnitTest using Java 17.0.12 with PID 15604 (started by jesse in C:\Users\jesse\OneDrive\Desktop\FP\HighEnd\detailing-be)
2024-12-11T10:19:39.346-05:00  INFO 15604 --- [HighEndDetailing] [    Test worker] c.e.h.g.p.GalleriesControllerUnitTest    : No active profile set, falling back to 1 default profile: "default"
2024-12-11T10:19:39.559-05:00  INFO 15604 --- [HighEndDetailing] [    Test worker] o.s.b.t.m.w.SpringBootMockServletContext : Initializing Spring TestDispatcherServlet ''
2024-12-11T10:19:39.560-05:00  INFO 15604 --- [HighEndDetailing] [    Test worker] o.s.t.web.servlet.TestDispatcherServlet  : Initializing Servlet ''
2024-12-11T10:19:39.561-05:00  INFO 15604 --- [HighEndDetailing] [    Test worker] o.s.t.web.servlet.TestDispatcherServlet  : Completed initialization in 1 ms
2024-12-11T10:19:39.567-05:00  INFO 15604 --- [HighEndDetailing] [    Test worker] c.e.h.g.p.GalleriesControllerUnitTest    : Started GalleriesControllerUnitTest in 0.252 seconds (process running for 13.41)
]]></system-out>
  <system-err><![CDATA[]]></system-err>
</testsuite>
