<?xml version="1.0" encoding="UTF-8"?>
<testsuite name="com.example.highenddetailing.servicessubdomain.datalayer.ServiceTest" tests="11" skipped="0" failures="0" errors="0" timestamp="2024-12-08T10:59:10" hostname="JESSESPC" time="0.115">
  <properties/>
  <testcase name="testGettersAndSetters()" classname="com.example.highenddetailing.servicessubdomain.datalayer.ServiceTest" time="0.096"/>
  <testcase name="testServiceBuilderPrice()" classname="com.example.highenddetailing.servicessubdomain.datalayer.ServiceTest" time="0.0"/>
  <testcase name="testConstructorWithAllArgs()" classname="com.example.highenddetailing.servicessubdomain.datalayer.ServiceTest" time="0.0"/>
  <testcase name="testServiceBuilderToString()" classname="com.example.highenddetailing.servicessubdomain.datalayer.ServiceTest" time="0.008"/>
  <testcase name="testSettersAndGetters()" classname="com.example.highenddetailing.servicessubdomain.datalayer.ServiceTest" time="0.0"/>
  <testcase name="testCanEqual()" classname="com.example.highenddetailing.servicessubdomain.datalayer.ServiceTest" time="0.001"/>
  <testcase name="testHashCode()" classname="com.example.highenddetailing.servicessubdomain.datalayer.ServiceTest" time="0.001"/>
  <testcase name="testServiceBuilderImagePath()" classname="com.example.highenddetailing.servicessubdomain.datalayer.ServiceTest" time="0.001"/>
  <testcase name="testEquals()" classname="com.example.highenddetailing.servicessubdomain.datalayer.ServiceTest" time="0.001"/>
  <testcase name="testServiceBuilderId()" classname="com.example.highenddetailing.servicessubdomain.datalayer.ServiceTest" time="0.001"/>
  <testcase name="testEqualsAndHashCode()" classname="com.example.highenddetailing.servicessubdomain.datalayer.ServiceTest" time="0.0"/>
  <system-out><![CDATA[]]></system-out>
  <system-err><![CDATA[]]></system-err>
</testsuite>
