<?xml version="1.0" encoding="UTF-8"?>
<testsuite name="com.example.highenddetailing.appointmentsubdomain.domainclientlayer.AppointmentControllerUnitTest" tests="1" skipped="0" failures="0" errors="0" timestamp="2024-12-11T15:19:38" hostname="LAPTOP-29CVF696" time="0.095">
  <properties/>
  <testcase name="testGetAllAppointments_EmptyList()" classname="com.example.highenddetailing.appointmentsubdomain.domainclientlayer.AppointmentControllerUnitTest" time="0.095"/>
  <system-out><![CDATA[2024-12-11T10:19:38.541-05:00  INFO 15604 --- [HighEndDetailing] [    Test worker] t.c.s.AnnotationConfigContextLoaderUtils : Could not detect default configuration classes for test class [com.example.highenddetailing.appointmentsubdomain.domainclientlayer.AppointmentControllerUnitTest]: AppointmentControllerUnitTest does not declare any static, non-private, non-final, nested classes annotated with @Configuration.
2024-12-11T10:19:38.555-05:00  INFO 15604 --- [HighEndDetailing] [    Test worker] .b.t.c.SpringBootTestContextBootstrapper : Found @SpringBootConfiguration com.example.highenddetailing.HighEndDetailingApplication for test class com.example.highenddetailing.appointmentsubdomain.domainclientlayer.AppointmentControllerUnitTest

  .   ____          _            __ _ _
 /\\ / ___'_ __ _ _(_)_ __  __ _ \ \ \ \
( ( )\___ | '_ | '_| | '_ \/ _` | \ \ \ \
 \\/  ___)| |_)| | | | | || (_| |  ) ) ) )
  '  |____| .__|_| |_|_| |_\__, | / / / /
 =========|_|==============|___/=/_/_/_/

 :: Spring Boot ::                (v3.3.5)

2024-12-11T10:19:38.596-05:00  INFO 15604 --- [HighEndDetailing] [    Test worker] c.e.h.a.d.AppointmentControllerUnitTest  : Starting AppointmentControllerUnitTest using Java 17.0.12 with PID 15604 (started by jesse in C:\Users\jesse\OneDrive\Desktop\FP\HighEnd\detailing-be)
2024-12-11T10:19:38.596-05:00  INFO 15604 --- [HighEndDetailing] [    Test worker] c.e.h.a.d.AppointmentControllerUnitTest  : No active profile set, falling back to 1 default profile: "default"
2024-12-11T10:19:38.846-05:00  INFO 15604 --- [HighEndDetailing] [    Test worker] o.s.b.t.m.w.SpringBootMockServletContext : Initializing Spring TestDispatcherServlet ''
2024-12-11T10:19:38.846-05:00  INFO 15604 --- [HighEndDetailing] [    Test worker] o.s.t.web.servlet.TestDispatcherServlet  : Initializing Servlet ''
2024-12-11T10:19:38.847-05:00  INFO 15604 --- [HighEndDetailing] [    Test worker] o.s.t.web.servlet.TestDispatcherServlet  : Completed initialization in 1 ms
2024-12-11T10:19:38.870-05:00  INFO 15604 --- [HighEndDetailing] [    Test worker] c.e.h.a.d.AppointmentControllerUnitTest  : Started AppointmentControllerUnitTest in 0.31 seconds (process running for 12.713)
]]></system-out>
  <system-err><![CDATA[]]></system-err>
</testsuite>
