<?xml version="1.0" encoding="UTF-8"?>
<testsuite name="com.example.highenddetailing.servicessubdomain.datalayer.ServiceRepositoryIntegrationTest" tests="2" skipped="0" failures="0" errors="0" timestamp="2024-12-08T10:59:09" hostname="JESSESPC" time="0.381">
  <properties/>
  <testcase name="whenFindByServiceId_thenReturnService()" classname="com.example.highenddetailing.servicessubdomain.datalayer.ServiceRepositoryIntegrationTest" time="0.366"/>
  <testcase name="whenFindAll_thenReturnAllServices()" classname="com.example.highenddetailing.servicessubdomain.datalayer.ServiceRepositoryIntegrationTest" time="0.014"/>
  <system-out><![CDATA[2024-12-08T05:59:09.513-05:00  INFO 24516 --- [HighEndDetailing] [    Test worker] t.c.s.AnnotationConfigContextLoaderUtils : Could not detect default configuration classes for test class [com.example.highenddetailing.servicessubdomain.datalayer.ServiceRepositoryIntegrationTest]: ServiceRepositoryIntegrationTest does not declare any static, non-private, non-final, nested classes annotated with @Configuration.
2024-12-08T05:59:09.558-05:00  INFO 24516 --- [HighEndDetailing] [    Test worker] .b.t.c.SpringBootTestContextBootstrapper : Found @SpringBootConfiguration com.example.highenddetailing.HighEndDetailingApplication for test class com.example.highenddetailing.servicessubdomain.datalayer.ServiceRepositoryIntegrationTest

  .   ____          _            __ _ _
 /\\ / ___'_ __ _ _(_)_ __  __ _ \ \ \ \
( ( )\___ | '_ | '_| | '_ \/ _` | \ \ \ \
 \\/  ___)| |_)| | | | | || (_| |  ) ) ) )
  '  |____| .__|_| |_|_| |_\__, | / / / /
 =========|_|==============|___/=/_/_/_/

 :: Spring Boot ::                (v3.3.5)

2024-12-08T05:59:09.612-05:00  INFO 24516 --- [HighEndDetailing] [    Test worker] e.h.s.d.ServiceRepositoryIntegrationTest : Starting ServiceRepositoryIntegrationTest using Java 17.0.11 with PID 24516 (started by Jess in J:\FinalProject\HighEnd\detailing-be)
2024-12-08T05:59:09.612-05:00  INFO 24516 --- [HighEndDetailing] [    Test worker] e.h.s.d.ServiceRepositoryIntegrationTest : No active profile set, falling back to 1 default profile: "default"
2024-12-08T05:59:09.711-05:00  INFO 24516 --- [HighEndDetailing] [    Test worker] .s.d.r.c.RepositoryConfigurationDelegate : Bootstrapping Spring Data JPA repositories in DEFAULT mode.
2024-12-08T05:59:09.724-05:00  INFO 24516 --- [HighEndDetailing] [    Test worker] .s.d.r.c.RepositoryConfigurationDelegate : Finished Spring Data repository scanning in 12 ms. Found 1 JPA repository interface.
2024-12-08T05:59:09.740-05:00  INFO 24516 --- [HighEndDetailing] [    Test worker] beddedDataSourceBeanFactoryPostProcessor : Replacing 'dataSource' DataSource bean with embedded version
2024-12-08T05:59:09.765-05:00  INFO 24516 --- [HighEndDetailing] [    Test worker] o.s.j.d.e.EmbeddedDatabaseFactory        : Starting embedded database: url='jdbc:h2:mem:b5b0733e-19a5-49c3-bd68-bc410c009ae6;DB_CLOSE_DELAY=-1;DB_CLOSE_ON_EXIT=false', username='sa'
2024-12-08T05:59:09.800-05:00  INFO 24516 --- [HighEndDetailing] [    Test worker] o.hibernate.jpa.internal.util.LogHelper  : HHH000204: Processing PersistenceUnitInfo [name: default]
2024-12-08T05:59:09.806-05:00  INFO 24516 --- [HighEndDetailing] [    Test worker] o.h.c.internal.RegionFactoryInitiator    : HHH000026: Second-level cache disabled
2024-12-08T05:59:09.817-05:00  INFO 24516 --- [HighEndDetailing] [    Test worker] o.s.o.j.p.SpringPersistenceUnitInfo      : No LoadTimeWeaver setup: ignoring JPA class transformer
2024-12-08T05:59:09.863-05:00  INFO 24516 --- [HighEndDetailing] [    Test worker] o.h.e.t.j.p.i.JtaPlatformInitiator       : HHH000489: No JTA platform available (set 'hibernate.transaction.jta.platform' to enable JTA platform integration)
Hibernate: drop table if exists services cascade 
Hibernate: create table services (id integer generated by default as identity, price float(24) not null, image_path varchar(255), service_id varchar(255), service_name varchar(255), time_required varchar(255), primary key (id))
2024-12-08T05:59:09.867-05:00  INFO 24516 --- [HighEndDetailing] [    Test worker] j.LocalContainerEntityManagerFactoryBean : Initialized JPA EntityManagerFactory for persistence unit 'default'
2024-12-08T05:59:09.916-05:00  INFO 24516 --- [HighEndDetailing] [    Test worker] e.h.s.d.ServiceRepositoryIntegrationTest : Started ServiceRepositoryIntegrationTest in 0.355 seconds (process running for 6.694)
Hibernate: insert into services (image_path,price,service_id,service_name,time_required,id) values (?,?,?,?,?,default)
Hibernate: select s1_0.id,s1_0.image_path,s1_0.price,s1_0.service_id,s1_0.service_name,s1_0.time_required from services s1_0 where s1_0.service_id=?
Hibernate: insert into services (image_path,price,service_id,service_name,time_required,id) values (?,?,?,?,?,default)
Hibernate: insert into services (image_path,price,service_id,service_name,time_required,id) values (?,?,?,?,?,default)
Hibernate: select s1_0.id,s1_0.image_path,s1_0.price,s1_0.service_id,s1_0.service_name,s1_0.time_required from services s1_0
]]></system-out>
  <system-err><![CDATA[]]></system-err>
</testsuite>
