<?xml version="1.0" encoding="UTF-8"?>
<testsuite name="com.example.highenddetailing.HighEndDetailingApplicationTests" tests="1" skipped="0" failures="0" errors="0" timestamp="2024-12-08T10:59:08" hostname="JESSESPC" time="0.345">
  <properties/>
  <testcase name="contextLoads()" classname="com.example.highenddetailing.HighEndDetailingApplicationTests" time="0.345"/>
  <system-out><![CDATA[05:59:04.377 [Test worker] INFO org.springframework.test.context.support.AnnotationConfigContextLoaderUtils -- Could not detect default configuration classes for test class [com.example.highenddetailing.HighEndDetailingApplicationTests]: HighEndDetailingApplicationTests does not declare any static, non-private, non-final, nested classes annotated with @Configuration.
05:59:04.499 [Test worker] INFO org.springframework.boot.test.context.SpringBootTestContextBootstrapper -- Found @SpringBootConfiguration com.example.highenddetailing.HighEndDetailingApplication for test class com.example.highenddetailing.HighEndDetailingApplicationTests

  .   ____          _            __ _ _
 /\\ / ___'_ __ _ _(_)_ __  __ _ \ \ \ \
( ( )\___ | '_ | '_| | '_ \/ _` | \ \ \ \
 \\/  ___)| |_)| | | | | || (_| |  ) ) ) )
  '  |____| .__|_| |_|_| |_\__, | / / / /
 =========|_|==============|___/=/_/_/_/

 :: Spring Boot ::                (v3.3.5)

2024-12-08T05:59:05.055-05:00  INFO 24516 --- [HighEndDetailing] [    Test worker] c.e.h.HighEndDetailingApplicationTests   : Starting HighEndDetailingApplicationTests using Java 17.0.11 with PID 24516 (started by Jess in J:\FinalProject\HighEnd\detailing-be)
2024-12-08T05:59:05.056-05:00  INFO 24516 --- [HighEndDetailing] [    Test worker] c.e.h.HighEndDetailingApplicationTests   : No active profile set, falling back to 1 default profile: "default"
2024-12-08T05:59:05.690-05:00  INFO 24516 --- [HighEndDetailing] [    Test worker] .s.d.r.c.RepositoryConfigurationDelegate : Bootstrapping Spring Data JPA repositories in DEFAULT mode.
2024-12-08T05:59:05.847-05:00  INFO 24516 --- [HighEndDetailing] [    Test worker] .s.d.r.c.RepositoryConfigurationDelegate : Finished Spring Data repository scanning in 147 ms. Found 1 JPA repository interface.
2024-12-08T05:59:06.124-05:00  WARN 24516 --- [HighEndDetailing] [    Test worker] trationDelegate$BeanPostProcessorChecker : Bean 'org.springframework.ws.config.annotation.DelegatingWsConfiguration' of type [org.springframework.ws.config.annotation.DelegatingWsConfiguration$$SpringCGLIB$$0] is not eligible for getting processed by all BeanPostProcessors (for example: not eligible for auto-proxying). The currently created BeanPostProcessor [annotationActionEndpointMapping] is declared through a non-static factory method on that class; consider declaring it as static instead.
2024-12-08T05:59:06.153-05:00  INFO 24516 --- [HighEndDetailing] [    Test worker] .w.s.a.s.AnnotationActionEndpointMapping : Supporting [WS-Addressing August 2004, WS-Addressing 1.0]
2024-12-08T05:59:06.244-05:00  INFO 24516 --- [HighEndDetailing] [    Test worker] com.zaxxer.hikari.HikariDataSource       : HikariPool-1 - Starting...
2024-12-08T05:59:06.512-05:00  INFO 24516 --- [HighEndDetailing] [    Test worker] com.zaxxer.hikari.pool.HikariPool        : HikariPool-1 - Added connection conn0: url=jdbc:h2:mem:d69ecb03-3770-4c4f-8120-83d48ec239c6 user=SA
2024-12-08T05:59:06.514-05:00  INFO 24516 --- [HighEndDetailing] [    Test worker] com.zaxxer.hikari.HikariDataSource       : HikariPool-1 - Start completed.
2024-12-08T05:59:06.634-05:00  INFO 24516 --- [HighEndDetailing] [    Test worker] o.hibernate.jpa.internal.util.LogHelper  : HHH000204: Processing PersistenceUnitInfo [name: default]
2024-12-08T05:59:06.702-05:00  INFO 24516 --- [HighEndDetailing] [    Test worker] org.hibernate.Version                    : HHH000412: Hibernate ORM core version 6.5.3.Final
2024-12-08T05:59:06.745-05:00  INFO 24516 --- [HighEndDetailing] [    Test worker] o.h.c.internal.RegionFactoryInitiator    : HHH000026: Second-level cache disabled
2024-12-08T05:59:07.074-05:00  INFO 24516 --- [HighEndDetailing] [    Test worker] o.s.o.j.p.SpringPersistenceUnitInfo      : No LoadTimeWeaver setup: ignoring JPA class transformer
2024-12-08T05:59:07.977-05:00  INFO 24516 --- [HighEndDetailing] [    Test worker] o.h.e.t.j.p.i.JtaPlatformInitiator       : HHH000489: No JTA platform available (set 'hibernate.transaction.jta.platform' to enable JTA platform integration)
2024-12-08T05:59:08.006-05:00  INFO 24516 --- [HighEndDetailing] [    Test worker] j.LocalContainerEntityManagerFactoryBean : Initialized JPA EntityManagerFactory for persistence unit 'default'
2024-12-08T05:59:08.455-05:00  WARN 24516 --- [HighEndDetailing] [    Test worker] JpaBaseConfiguration$JpaWebConfiguration : spring.jpa.open-in-view is enabled by default. Therefore, database queries may be performed during view rendering. Explicitly configure spring.jpa.open-in-view to disable this warning
2024-12-08T05:59:08.804-05:00  INFO 24516 --- [HighEndDetailing] [    Test worker] c.e.h.HighEndDetailingApplicationTests   : Started HighEndDetailingApplicationTests in 4.11 seconds (process running for 5.583)
]]></system-out>
  <system-err><![CDATA[]]></system-err>
</testsuite>
