<?xml version="1.0" encoding="UTF-8"?>
<testsuite name="com.example.highenddetailing.appointmentsubdomain.businesslayer.AppointmentServiceUnitTest" tests="1" skipped="0" failures="0" errors="0" timestamp="2024-12-08T19:48:09" hostname="Zacharys-MacBook-Pro.local" time="0.25">
  <properties/>
  <testcase name="whenGetAllAppointments_thenReturnAllAppointments()" classname="com.example.highenddetailing.appointmentsubdomain.businesslayer.AppointmentServiceUnitTest" time="0.25"/>
  <system-out><![CDATA[]]></system-out>
  <system-err><![CDATA[]]></system-err>
</testsuite>
