<?xml version="1.0" encoding="UTF-8"?>
<testsuite name="com.example.highenddetailing.appointmentsubdomain.AppointmentRepositoryIntegrationTest" tests="1" skipped="0" failures="0" errors="0" timestamp="2024-12-11T15:19:35" hostname="LAPTOP-29CVF696" time="0.334">
  <properties/>
  <testcase name="whenFindAll_thenReturnAllAppointments()" classname="com.example.highenddetailing.appointmentsubdomain.AppointmentRepositoryIntegrationTest" time="0.334"/>
  <system-out><![CDATA[2024-12-11T10:19:34.769-05:00  INFO 15604 --- [HighEndDetailing] [    Test worker] t.c.s.AnnotationConfigContextLoaderUtils : Could not detect default configuration classes for test class [com.example.highenddetailing.appointmentsubdomain.AppointmentRepositoryIntegrationTest]: AppointmentRepositoryIntegrationTest does not declare any static, non-private, non-final, nested classes annotated with @Configuration.
2024-12-11T10:19:34.801-05:00  INFO 15604 --- [HighEndDetailing] [    Test worker] .b.t.c.SpringBootTestContextBootstrapper : Found @SpringBootConfiguration com.example.highenddetailing.HighEndDetailingApplication for test class com.example.highenddetailing.appointmentsubdomain.AppointmentRepositoryIntegrationTest

  .   ____          _            __ _ _
 /\\ / ___'_ __ _ _(_)_ __  __ _ \ \ \ \
( ( )\___ | '_ | '_| | '_ \/ _` | \ \ \ \
 \\/  ___)| |_)| | | | | || (_| |  ) ) ) )
  '  |____| .__|_| |_|_| |_\__, | / / / /
 =========|_|==============|___/=/_/_/_/

 :: Spring Boot ::                (v3.3.5)

2024-12-11T10:19:34.840-05:00  INFO 15604 --- [HighEndDetailing] [    Test worker] h.a.AppointmentRepositoryIntegrationTest : Starting AppointmentRepositoryIntegrationTest using Java 17.0.12 with PID 15604 (started by jesse in C:\Users\jesse\OneDrive\Desktop\FP\HighEnd\detailing-be)
2024-12-11T10:19:34.840-05:00  INFO 15604 --- [HighEndDetailing] [    Test worker] h.a.AppointmentRepositoryIntegrationTest : No active profile set, falling back to 1 default profile: "default"
2024-12-11T10:19:34.929-05:00  INFO 15604 --- [HighEndDetailing] [    Test worker] .s.d.r.c.RepositoryConfigurationDelegate : Bootstrapping Spring Data JPA repositories in DEFAULT mode.
2024-12-11T10:19:34.956-05:00  INFO 15604 --- [HighEndDetailing] [    Test worker] .s.d.r.c.RepositoryConfigurationDelegate : Finished Spring Data repository scanning in 27 ms. Found 3 JPA repository interfaces.
2024-12-11T10:19:34.973-05:00  INFO 15604 --- [HighEndDetailing] [    Test worker] beddedDataSourceBeanFactoryPostProcessor : Replacing 'dataSource' DataSource bean with embedded version
2024-12-11T10:19:34.996-05:00  INFO 15604 --- [HighEndDetailing] [    Test worker] o.s.j.d.e.EmbeddedDatabaseFactory        : Starting embedded database: url='jdbc:h2:mem:c3a943c0-ab46-4480-bfbd-5d41eba94eeb;DB_CLOSE_DELAY=-1;DB_CLOSE_ON_EXIT=false', username='sa'
2024-12-11T10:19:35.040-05:00  INFO 15604 --- [HighEndDetailing] [    Test worker] o.hibernate.jpa.internal.util.LogHelper  : HHH000204: Processing PersistenceUnitInfo [name: default]
2024-12-11T10:19:35.044-05:00  INFO 15604 --- [HighEndDetailing] [    Test worker] o.h.c.internal.RegionFactoryInitiator    : HHH000026: Second-level cache disabled
2024-12-11T10:19:35.056-05:00  INFO 15604 --- [HighEndDetailing] [    Test worker] o.s.o.j.p.SpringPersistenceUnitInfo      : No LoadTimeWeaver setup: ignoring JPA class transformer
2024-12-11T10:19:35.145-05:00  INFO 15604 --- [HighEndDetailing] [    Test worker] o.h.e.t.j.p.i.JtaPlatformInitiator       : HHH000489: No JTA platform available (set 'hibernate.transaction.jta.platform' to enable JTA platform integration)
Hibernate: drop table if exists appointments cascade 
Hibernate: drop table if exists galleries cascade 
Hibernate: drop table if exists services cascade 
Hibernate: drop sequence if exists appointments_seq
Hibernate: create sequence appointments_seq start with 1 increment by 50
Hibernate: create table appointments (appointment_date date, appointment_time time(6), id integer not null, appointment_id varchar(255), customer_id varchar(255), customer_name varchar(255), employee_id varchar(255), employee_name varchar(255), image_path varchar(255), service_id varchar(255), service_name varchar(255), status varchar(255), primary key (id))
Hibernate: create table galleries (id integer generated by default as identity, description varchar(255), gallery_id varchar(255), image_url varchar(255), primary key (id))
Hibernate: create table services (id integer generated by default as identity, price float(24) not null, image_path varchar(255), service_id varchar(255), service_name varchar(255), time_required varchar(255), primary key (id))
2024-12-11T10:19:35.155-05:00  INFO 15604 --- [HighEndDetailing] [    Test worker] j.LocalContainerEntityManagerFactoryBean : Initialized JPA EntityManagerFactory for persistence unit 'default'
2024-12-11T10:19:35.214-05:00  INFO 15604 --- [HighEndDetailing] [    Test worker] h.a.AppointmentRepositoryIntegrationTest : Started AppointmentRepositoryIntegrationTest in 0.41 seconds (process running for 9.057)
Hibernate: select next value for appointments_seq
Hibernate: select next value for appointments_seq
Hibernate: insert into appointments (appointment_date,appointment_id,appointment_time,customer_id,customer_name,employee_id,employee_name,image_path,service_id,service_name,status,id) values (?,?,?,?,?,?,?,?,?,?,?,?)
Hibernate: insert into appointments (appointment_date,appointment_id,appointment_time,customer_id,customer_name,employee_id,employee_name,image_path,service_id,service_name,status,id) values (?,?,?,?,?,?,?,?,?,?,?,?)
Hibernate: select a1_0.id,a1_0.appointment_date,a1_0.appointment_id,a1_0.appointment_time,a1_0.customer_id,a1_0.customer_name,a1_0.employee_id,a1_0.employee_name,a1_0.image_path,a1_0.service_id,a1_0.service_name,a1_0.status from appointments a1_0
]]></system-out>
  <system-err><![CDATA[]]></system-err>
</testsuite>
