<?xml version="1.0" encoding="UTF-8"?>
<testsuite name="com.example.highenddetailing.servicessubdomain.domainclientlayer.ServicesControllerUnitTest" tests="2" skipped="0" failures="0" errors="0" timestamp="2024-12-11T18:31:38" hostname="Zacharys-MacBook-Pro.local" time="0.009">
  <properties/>
  <testcase name="whenGetServiceById_thenReturnService()" classname="com.example.highenddetailing.servicessubdomain.domainclientlayer.ServicesControllerUnitTest" time="0.006"/>
  <testcase name="whenGetAllServices_thenReturnAllServices()" classname="com.example.highenddetailing.servicessubdomain.domainclientlayer.ServicesControllerUnitTest" time="0.003"/>
  <system-out><![CDATA[2024-12-11T13:31:38.392-05:00  INFO 22993 --- [HighEndDetailing] [    Test worker] t.c.s.AnnotationConfigContextLoaderUtils : Could not detect default configuration classes for test class [com.example.highenddetailing.servicessubdomain.domainclientlayer.ServicesControllerUnitTest]: ServicesControllerUnitTest does not declare any static, non-private, non-final, nested classes annotated with @Configuration.
2024-12-11T13:31:38.397-05:00  INFO 22993 --- [HighEndDetailing] [    Test worker] .b.t.c.SpringBootTestContextBootstrapper : Found @SpringBootConfiguration com.example.highenddetailing.HighEndDetailingApplication for test class com.example.highenddetailing.servicessubdomain.domainclientlayer.ServicesControllerUnitTest

  .   ____          _            __ _ _
 /\\ / ___'_ __ _ _(_)_ __  __ _ \ \ \ \
( ( )\___ | '_ | '_| | '_ \/ _` | \ \ \ \
 \\/  ___)| |_)| | | | | || (_| |  ) ) ) )
  '  |____| .__|_| |_|_| |_\__, | / / / /
 =========|_|==============|___/=/_/_/_/

 :: Spring Boot ::                (v3.3.5)

2024-12-11T13:31:38.413-05:00  INFO 22993 --- [HighEndDetailing] [    Test worker] c.e.h.s.d.ServicesControllerUnitTest     : Starting ServicesControllerUnitTest using Java 17.0.3 with PID 22993 (started by zacharylelievre in /Users/zacharylelievre/Documents/HighEndDetailing/HighEndDetailing/detailing-be)
2024-12-11T13:31:38.413-05:00  INFO 22993 --- [HighEndDetailing] [    Test worker] c.e.h.s.d.ServicesControllerUnitTest     : No active profile set, falling back to 1 default profile: "default"
2024-12-11T13:31:38.542-05:00  INFO 22993 --- [HighEndDetailing] [    Test worker] o.s.b.t.m.w.SpringBootMockServletContext : Initializing Spring TestDispatcherServlet ''
2024-12-11T13:31:38.542-05:00  INFO 22993 --- [HighEndDetailing] [    Test worker] o.s.t.web.servlet.TestDispatcherServlet  : Initializing Servlet ''
2024-12-11T13:31:38.543-05:00  INFO 22993 --- [HighEndDetailing] [    Test worker] o.s.t.web.servlet.TestDispatcherServlet  : Completed initialization in 1 ms
2024-12-11T13:31:38.547-05:00  INFO 22993 --- [HighEndDetailing] [    Test worker] c.e.h.s.d.ServicesControllerUnitTest     : Started ServicesControllerUnitTest in 0.149 seconds (process running for 8.394)
]]></system-out>
  <system-err><![CDATA[]]></system-err>
</testsuite>
