<?xml version="1.0" encoding="UTF-8"?>
<testsuite name="com.example.highenddetailing.appointmentsubdomain.datalayer.AppointmentTest" tests="8" skipped="0" failures="0" errors="0" timestamp="2024-12-08T23:25:08" hostname="Zacharys-MacBook-Pro.local" time="0.135">
  <properties/>
  <testcase name="testGettersAndSetters()" classname="com.example.highenddetailing.appointmentsubdomain.datalayer.AppointmentTest" time="0.001"/>
  <testcase name="testAppointmentBuilder()" classname="com.example.highenddetailing.appointmentsubdomain.datalayer.AppointmentTest" time="0.0"/>
  <testcase name="testConstructorWithAllArgs()" classname="com.example.highenddetailing.appointmentsubdomain.datalayer.AppointmentTest" time="0.0"/>
  <testcase name="testSettersAndGetters()" classname="com.example.highenddetailing.appointmentsubdomain.datalayer.AppointmentTest" time="0.001"/>
  <testcase name="testCanEqual()" classname="com.example.highenddetailing.appointmentsubdomain.datalayer.AppointmentTest" time="0.124"/>
  <testcase name="testHashCode()" classname="com.example.highenddetailing.appointmentsubdomain.datalayer.AppointmentTest" time="0.006"/>
  <testcase name="testEquals()" classname="com.example.highenddetailing.appointmentsubdomain.datalayer.AppointmentTest" time="0.001"/>
  <testcase name="testEqualsAndHashCode()" classname="com.example.highenddetailing.appointmentsubdomain.datalayer.AppointmentTest" time="0.001"/>
  <system-out><![CDATA[]]></system-out>
  <system-err><![CDATA[]]></system-err>
</testsuite>
