<?xml version="1.0" encoding="UTF-8"?>
<testsuite name="com.example.highenddetailing.servicessubdomain.domainclientlayer.ServicesControllerUnitTest" tests="2" skipped="0" failures="0" errors="0" timestamp="2024-12-11T15:19:40" hostname="LAPTOP-29CVF696" time="0.018">
  <properties/>
  <testcase name="whenGetServiceById_thenReturnService()" classname="com.example.highenddetailing.servicessubdomain.domainclientlayer.ServicesControllerUnitTest" time="0.011"/>
  <testcase name="whenGetAllServices_thenReturnAllServices()" classname="com.example.highenddetailing.servicessubdomain.domainclientlayer.ServicesControllerUnitTest" time="0.006"/>
  <system-out><![CDATA[2024-12-11T10:19:40.000-05:00  INFO 15604 --- [HighEndDetailing] [    Test worker] t.c.s.AnnotationConfigContextLoaderUtils : Could not detect default configuration classes for test class [com.example.highenddetailing.servicessubdomain.domainclientlayer.ServicesControllerUnitTest]: ServicesControllerUnitTest does not declare any static, non-private, non-final, nested classes annotated with @Configuration.
2024-12-11T10:19:40.010-05:00  INFO 15604 --- [HighEndDetailing] [    Test worker] .b.t.c.SpringBootTestContextBootstrapper : Found @SpringBootConfiguration com.example.highenddetailing.HighEndDetailingApplication for test class com.example.highenddetailing.servicessubdomain.domainclientlayer.ServicesControllerUnitTest

  .   ____          _            __ _ _
 /\\ / ___'_ __ _ _(_)_ __  __ _ \ \ \ \
( ( )\___ | '_ | '_| | '_ \/ _` | \ \ \ \
 \\/  ___)| |_)| | | | | || (_| |  ) ) ) )
  '  |____| .__|_| |_|_| |_\__, | / / / /
 =========|_|==============|___/=/_/_/_/

 :: Spring Boot ::                (v3.3.5)

2024-12-11T10:19:40.043-05:00  INFO 15604 --- [HighEndDetailing] [    Test worker] c.e.h.s.d.ServicesControllerUnitTest     : Starting ServicesControllerUnitTest using Java 17.0.12 with PID 15604 (started by jesse in C:\Users\jesse\OneDrive\Desktop\FP\HighEnd\detailing-be)
2024-12-11T10:19:40.043-05:00  INFO 15604 --- [HighEndDetailing] [    Test worker] c.e.h.s.d.ServicesControllerUnitTest     : No active profile set, falling back to 1 default profile: "default"
2024-12-11T10:19:40.242-05:00  INFO 15604 --- [HighEndDetailing] [    Test worker] o.s.b.t.m.w.SpringBootMockServletContext : Initializing Spring TestDispatcherServlet ''
2024-12-11T10:19:40.243-05:00  INFO 15604 --- [HighEndDetailing] [    Test worker] o.s.t.web.servlet.TestDispatcherServlet  : Initializing Servlet ''
2024-12-11T10:19:40.243-05:00  INFO 15604 --- [HighEndDetailing] [    Test worker] o.s.t.web.servlet.TestDispatcherServlet  : Completed initialization in 0 ms
2024-12-11T10:19:40.248-05:00  INFO 15604 --- [HighEndDetailing] [    Test worker] c.e.h.s.d.ServicesControllerUnitTest     : Started ServicesControllerUnitTest in 0.234 seconds (process running for 14.091)
]]></system-out>
  <system-err><![CDATA[]]></system-err>
</testsuite>
