<?xml version="1.0" encoding="UTF-8"?>
<testsuite name="com.example.highenddetailing.appointmentsubdomain.datalayer.AppointmentTest" tests="11" skipped="0" failures="0" errors="0" timestamp="2024-12-08T19:48:09" hostname="Zacharys-MacBook-Pro.local" time="0.185">
  <properties/>
  <testcase name="testGettersAndSetters()" classname="com.example.highenddetailing.appointmentsubdomain.datalayer.AppointmentTest" time="0.165"/>
  <testcase name="testAppointmentBuilderToString()" classname="com.example.highenddetailing.appointmentsubdomain.datalayer.AppointmentTest" time="0.009"/>
  <testcase name="testConstructorWithAllArgs()" classname="com.example.highenddetailing.appointmentsubdomain.datalayer.AppointmentTest" time="0.001"/>
  <testcase name="testSettersAndGetters()" classname="com.example.highenddetailing.appointmentsubdomain.datalayer.AppointmentTest" time="0.0"/>
  <testcase name="testAppointmentBuilderImagePath()" classname="com.example.highenddetailing.appointmentsubdomain.datalayer.AppointmentTest" time="0.0"/>
  <testcase name="testCanEqual()" classname="com.example.highenddetailing.appointmentsubdomain.datalayer.AppointmentTest" time="0.002"/>
  <testcase name="testAppointmentBuilderStatus()" classname="com.example.highenddetailing.appointmentsubdomain.datalayer.AppointmentTest" time="0.001"/>
  <testcase name="testHashCode()" classname="com.example.highenddetailing.appointmentsubdomain.datalayer.AppointmentTest" time="0.001"/>
  <testcase name="testAppointmentBuilderId()" classname="com.example.highenddetailing.appointmentsubdomain.datalayer.AppointmentTest" time="0.001"/>
  <testcase name="testEquals()" classname="com.example.highenddetailing.appointmentsubdomain.datalayer.AppointmentTest" time="0.0"/>
  <testcase name="testEqualsAndHashCode()" classname="com.example.highenddetailing.appointmentsubdomain.datalayer.AppointmentTest" time="0.0"/>
  <system-out><![CDATA[]]></system-out>
  <system-err><![CDATA[]]></system-err>
</testsuite>
