<?xml version="1.0" encoding="UTF-8"?>
<testsuite name="com.example.highenddetailing.servicessubdomain.businesslayer.ServiceServiceUnitTest" tests="2" skipped="0" failures="0" errors="0" timestamp="2024-12-11T18:31:38" hostname="Zacharys-MacBook-Pro.local" time="0.072">
  <properties/>
  <testcase name="whenGetServiceById_thenReturnService()" classname="com.example.highenddetailing.servicessubdomain.businesslayer.ServiceServiceUnitTest" time="0.07"/>
  <testcase name="whenGetAllServices_thenReturnAllServices()" classname="com.example.highenddetailing.servicessubdomain.businesslayer.ServiceServiceUnitTest" time="0.002"/>
  <system-out><![CDATA[]]></system-out>
  <system-err><![CDATA[]]></system-err>
</testsuite>
