<?xml version="1.0" encoding="UTF-8"?>
<testsuite name="com.example.highenddetailing.appointmentsubdomain.domainclientlayer.AppointmentControllerUnitTest" tests="1" skipped="0" failures="0" errors="0" timestamp="2024-12-08T23:25:10" hostname="Zacharys-MacBook-Pro.local" time="0.067">
  <properties/>
  <testcase name="testGetAllAppointments_EmptyList()" classname="com.example.highenddetailing.appointmentsubdomain.domainclientlayer.AppointmentControllerUnitTest" time="0.067"/>
  <system-out><![CDATA[2024-12-08T18:25:09.878-05:00  INFO 75131 --- [HighEndDetailing] [    Test worker] t.c.s.AnnotationConfigContextLoaderUtils : Could not detect default configuration classes for test class [com.example.highenddetailing.appointmentsubdomain.domainclientlayer.AppointmentControllerUnitTest]: AppointmentControllerUnitTest does not declare any static, non-private, non-final, nested classes annotated with @Configuration.
2024-12-08T18:25:09.887-05:00  INFO 75131 --- [HighEndDetailing] [    Test worker] .b.t.c.SpringBootTestContextBootstrapper : Found @SpringBootConfiguration com.example.highenddetailing.HighEndDetailingApplication for test class com.example.highenddetailing.appointmentsubdomain.domainclientlayer.AppointmentControllerUnitTest

  .   ____          _            __ _ _
 /\\ / ___'_ __ _ _(_)_ __  __ _ \ \ \ \
( ( )\___ | '_ | '_| | '_ \/ _` | \ \ \ \
 \\/  ___)| |_)| | | | | || (_| |  ) ) ) )
  '  |____| .__|_| |_|_| |_\__, | / / / /
 =========|_|==============|___/=/_/_/_/

 :: Spring Boot ::                (v3.3.5)

2024-12-08T18:25:09.909-05:00  INFO 75131 --- [HighEndDetailing] [    Test worker] c.e.h.a.d.AppointmentControllerUnitTest  : Starting AppointmentControllerUnitTest using Java 17.0.3 with PID 75131 (started by zacharylelievre in /Users/zacharylelievre/Documents/HighEndDetailing/HighEndDetailing/detailing-be)
2024-12-08T18:25:09.909-05:00  INFO 75131 --- [HighEndDetailing] [    Test worker] c.e.h.a.d.AppointmentControllerUnitTest  : No active profile set, falling back to 1 default profile: "default"
2024-12-08T18:25:10.076-05:00  INFO 75131 --- [HighEndDetailing] [    Test worker] o.s.b.t.m.w.SpringBootMockServletContext : Initializing Spring TestDispatcherServlet ''
2024-12-08T18:25:10.076-05:00  INFO 75131 --- [HighEndDetailing] [    Test worker] o.s.t.web.servlet.TestDispatcherServlet  : Initializing Servlet ''
2024-12-08T18:25:10.077-05:00  INFO 75131 --- [HighEndDetailing] [    Test worker] o.s.t.web.servlet.TestDispatcherServlet  : Completed initialization in 1 ms
2024-12-08T18:25:10.089-05:00  INFO 75131 --- [HighEndDetailing] [    Test worker] c.e.h.a.d.AppointmentControllerUnitTest  : Started AppointmentControllerUnitTest in 0.2 seconds (process running for 7.555)
]]></system-out>
  <system-err><![CDATA[]]></system-err>
</testsuite>
