<?xml version="1.0" encoding="UTF-8"?>
<testsuite name="com.example.highenddetailing.gallerysubdomain.presentationlayer.GalleriesControllerUnitTest" tests="1" skipped="0" failures="0" errors="0" timestamp="2024-12-11T18:31:38" hostname="Zacharys-MacBook-Pro.local" time="0.005">
  <properties/>
  <testcase name="whenGetAllGalleries_thenReturnAllGalleries()" classname="com.example.highenddetailing.gallerysubdomain.presentationlayer.GalleriesControllerUnitTest" time="0.005"/>
  <system-out><![CDATA[2024-12-11T13:31:37.968-05:00  INFO 22993 --- [HighEndDetailing] [    Test worker] t.c.s.AnnotationConfigContextLoaderUtils : Could not detect default configuration classes for test class [com.example.highenddetailing.gallerysubdomain.presentationlayer.GalleriesControllerUnitTest]: GalleriesControllerUnitTest does not declare any static, non-private, non-final, nested classes annotated with @Configuration.
2024-12-11T13:31:37.973-05:00  INFO 22993 --- [HighEndDetailing] [    Test worker] .b.t.c.SpringBootTestContextBootstrapper : Found @SpringBootConfiguration com.example.highenddetailing.HighEndDetailingApplication for test class com.example.highenddetailing.gallerysubdomain.presentationlayer.GalleriesControllerUnitTest

  .   ____          _            __ _ _
 /\\ / ___'_ __ _ _(_)_ __  __ _ \ \ \ \
( ( )\___ | '_ | '_| | '_ \/ _` | \ \ \ \
 \\/  ___)| |_)| | | | | || (_| |  ) ) ) )
  '  |____| .__|_| |_|_| |_\__, | / / / /
 =========|_|==============|___/=/_/_/_/

 :: Spring Boot ::                (v3.3.5)

2024-12-11T13:31:37.993-05:00  INFO 22993 --- [HighEndDetailing] [    Test worker] c.e.h.g.p.GalleriesControllerUnitTest    : Starting GalleriesControllerUnitTest using Java 17.0.3 with PID 22993 (started by zacharylelievre in /Users/zacharylelievre/Documents/HighEndDetailing/HighEndDetailing/detailing-be)
2024-12-11T13:31:37.993-05:00  INFO 22993 --- [HighEndDetailing] [    Test worker] c.e.h.g.p.GalleriesControllerUnitTest    : No active profile set, falling back to 1 default profile: "default"
2024-12-11T13:31:38.126-05:00  INFO 22993 --- [HighEndDetailing] [    Test worker] o.s.b.t.m.w.SpringBootMockServletContext : Initializing Spring TestDispatcherServlet ''
2024-12-11T13:31:38.126-05:00  INFO 22993 --- [HighEndDetailing] [    Test worker] o.s.t.web.servlet.TestDispatcherServlet  : Initializing Servlet ''
2024-12-11T13:31:38.126-05:00  INFO 22993 --- [HighEndDetailing] [    Test worker] o.s.t.web.servlet.TestDispatcherServlet  : Completed initialization in 0 ms
2024-12-11T13:31:38.130-05:00  INFO 22993 --- [HighEndDetailing] [    Test worker] c.e.h.g.p.GalleriesControllerUnitTest    : Started GalleriesControllerUnitTest in 0.155 seconds (process running for 7.977)
]]></system-out>
  <system-err><![CDATA[]]></system-err>
</testsuite>
