<?xml version="1.0" encoding="UTF-8"?>
<testsuite name="com.example.highenddetailing.gallerysubdomain.datalayer.GalleryRepositoryIntegrationTest" tests="1" skipped="0" failures="0" errors="0" timestamp="2024-12-11T15:19:39" hostname="LAPTOP-29CVF696" time="0.065">
  <properties/>
  <testcase name="whenFindAll_thenReturnAllGalleries()" classname="com.example.highenddetailing.gallerysubdomain.datalayer.GalleryRepositoryIntegrationTest" time="0.065"/>
  <system-out><![CDATA[2024-12-11T10:19:39.132-05:00  INFO 15604 --- [HighEndDetailing] [    Test worker] t.c.s.AnnotationConfigContextLoaderUtils : Could not detect default configuration classes for test class [com.example.highenddetailing.gallerysubdomain.datalayer.GalleryRepositoryIntegrationTest]: GalleryRepositoryIntegrationTest does not declare any static, non-private, non-final, nested classes annotated with @Configuration.
2024-12-11T10:19:39.162-05:00  INFO 15604 --- [HighEndDetailing] [    Test worker] .b.t.c.SpringBootTestContextBootstrapper : Found @SpringBootConfiguration com.example.highenddetailing.HighEndDetailingApplication for test class com.example.highenddetailing.gallerysubdomain.datalayer.GalleryRepositoryIntegrationTest
Hibernate: insert into galleries (description,gallery_id,image_url,id) values (?,?,?,default)
Hibernate: insert into galleries (description,gallery_id,image_url,id) values (?,?,?,default)
Hibernate: select g1_0.id,g1_0.description,g1_0.gallery_id,g1_0.image_url from galleries g1_0
]]></system-out>
  <system-err><![CDATA[]]></system-err>
</testsuite>
