<?xml version="1.0" encoding="UTF-8"?>
<testsuite name="com.example.highenddetailing.gallerysubdomain.presentationlayer.GalleriesControllerIntegrationTest" tests="1" skipped="0" failures="0" errors="0" timestamp="2024-12-11T18:31:37" hostname="Zacharys-MacBook-Pro.local" time="0.018">
  <properties/>
  <testcase name="whenGetAllGalleries_thenReturnAllGalleries()" classname="com.example.highenddetailing.gallerysubdomain.presentationlayer.GalleriesControllerIntegrationTest" time="0.018"/>
  <system-out><![CDATA[2024-12-11T13:31:37.940-05:00  INFO 22993 --- [HighEndDetailing] [    Test worker] t.c.s.AnnotationConfigContextLoaderUtils : Could not detect default configuration classes for test class [com.example.highenddetailing.gallerysubdomain.presentationlayer.GalleriesControllerIntegrationTest]: GalleriesControllerIntegrationTest does not declare any static, non-private, non-final, nested classes annotated with @Configuration.
2024-12-11T13:31:37.946-05:00  INFO 22993 --- [HighEndDetailing] [    Test worker] .b.t.c.SpringBootTestContextBootstrapper : Found @SpringBootConfiguration com.example.highenddetailing.HighEndDetailingApplication for test class com.example.highenddetailing.gallerysubdomain.presentationlayer.GalleriesControllerIntegrationTest
]]></system-out>
  <system-err><![CDATA[]]></system-err>
</testsuite>
