<?xml version="1.0" encoding="UTF-8"?>
<testsuite name="com.example.highenddetailing.appointmentsubdomain.domainclientlayer.AppointmentControllerUnitTest" tests="1" skipped="0" failures="0" errors="0" timestamp="2024-12-08T19:48:11" hostname="Zacharys-MacBook-Pro.local" time="0.071">
  <properties/>
  <testcase name="testGetAllAppointments_EmptyList()" classname="com.example.highenddetailing.appointmentsubdomain.domainclientlayer.AppointmentControllerUnitTest" time="0.071"/>
  <system-out><![CDATA[2024-12-08T14:48:11.263-05:00  INFO 65884 --- [HighEndDetailing] [    Test worker] t.c.s.AnnotationConfigContextLoaderUtils : Could not detect default configuration classes for test class [com.example.highenddetailing.appointmentsubdomain.domainclientlayer.AppointmentControllerUnitTest]: AppointmentControllerUnitTest does not declare any static, non-private, non-final, nested classes annotated with @Configuration.
2024-12-08T14:48:11.273-05:00  INFO 65884 --- [HighEndDetailing] [    Test worker] .b.t.c.SpringBootTestContextBootstrapper : Found @SpringBootConfiguration com.example.highenddetailing.HighEndDetailingApplication for test class com.example.highenddetailing.appointmentsubdomain.domainclientlayer.AppointmentControllerUnitTest

  .   ____          _            __ _ _
 /\\ / ___'_ __ _ _(_)_ __  __ _ \ \ \ \
( ( )\___ | '_ | '_| | '_ \/ _` | \ \ \ \
 \\/  ___)| |_)| | | | | || (_| |  ) ) ) )
  '  |____| .__|_| |_|_| |_\__, | / / / /
 =========|_|==============|___/=/_/_/_/

 :: Spring Boot ::                (v3.3.5)

2024-12-08T14:48:11.295-05:00  INFO 65884 --- [HighEndDetailing] [    Test worker] c.e.h.a.d.AppointmentControllerUnitTest  : Starting AppointmentControllerUnitTest using Java 17.0.3 with PID 65884 (started by zacharylelievre in /Users/zacharylelievre/Documents/HighEndDetailing/HighEndDetailing/detailing-be)
2024-12-08T14:48:11.296-05:00  INFO 65884 --- [HighEndDetailing] [    Test worker] c.e.h.a.d.AppointmentControllerUnitTest  : No active profile set, falling back to 1 default profile: "default"
2024-12-08T14:48:11.438-05:00  INFO 65884 --- [HighEndDetailing] [    Test worker] o.s.b.t.m.w.SpringBootMockServletContext : Initializing Spring TestDispatcherServlet ''
2024-12-08T14:48:11.438-05:00  INFO 65884 --- [HighEndDetailing] [    Test worker] o.s.t.web.servlet.TestDispatcherServlet  : Initializing Servlet ''
2024-12-08T14:48:11.439-05:00  INFO 65884 --- [HighEndDetailing] [    Test worker] o.s.t.web.servlet.TestDispatcherServlet  : Completed initialization in 1 ms
2024-12-08T14:48:11.451-05:00  INFO 65884 --- [HighEndDetailing] [    Test worker] c.e.h.a.d.AppointmentControllerUnitTest  : Started AppointmentControllerUnitTest in 0.176 seconds (process running for 6.808)
]]></system-out>
  <system-err><![CDATA[]]></system-err>
</testsuite>
