<?xml version="1.0" encoding="UTF-8"?>
<testsuite name="com.example.highenddetailing.servicessubdomain.businesslayer.ServiceServiceUnitTest" tests="2" skipped="0" failures="0" errors="0" timestamp="2024-12-08T10:59:09" hostname="JESSESPC" time="0.331">
  <properties/>
  <testcase name="whenGetServiceById_thenReturnService()" classname="com.example.highenddetailing.servicessubdomain.businesslayer.ServiceServiceUnitTest" time="0.327"/>
  <testcase name="whenGetAllServices_thenReturnAllServices()" classname="com.example.highenddetailing.servicessubdomain.businesslayer.ServiceServiceUnitTest" time="0.003"/>
  <system-out><![CDATA[]]></system-out>
  <system-err><![CDATA[]]></system-err>
</testsuite>
