<?xml version="1.0" encoding="UTF-8"?>
<testsuite name="com.example.highenddetailing.appointmentsubdomain.domainclientlayer.AppointmentControllerIntegrationTest" tests="1" skipped="0" failures="0" errors="0" timestamp="2024-12-08T23:25:09" hostname="Zacharys-MacBook-Pro.local" time="0.528">
  <properties/>
  <testcase name="whenGetAllAppointments_thenReturnAllAppointments()" classname="com.example.highenddetailing.appointmentsubdomain.domainclientlayer.AppointmentControllerIntegrationTest" time="0.528"/>
  <system-out><![CDATA[2024-12-08T18:25:08.339-05:00  INFO 75131 --- [HighEndDetailing] [    Test worker] t.c.s.AnnotationConfigContextLoaderUtils : Could not detect default configuration classes for test class [com.example.highenddetailing.appointmentsubdomain.domainclientlayer.AppointmentControllerIntegrationTest]: AppointmentControllerIntegrationTest does not declare any static, non-private, non-final, nested classes annotated with @Configuration.
2024-12-08T18:25:08.349-05:00  INFO 75131 --- [HighEndDetailing] [    Test worker] .b.t.c.SpringBootTestContextBootstrapper : Found @SpringBootConfiguration com.example.highenddetailing.HighEndDetailingApplication for test class com.example.highenddetailing.appointmentsubdomain.domainclientlayer.AppointmentControllerIntegrationTest

  .   ____          _            __ _ _
 /\\ / ___'_ __ _ _(_)_ __  __ _ \ \ \ \
( ( )\___ | '_ | '_| | '_ \/ _` | \ \ \ \
 \\/  ___)| |_)| | | | | || (_| |  ) ) ) )
  '  |____| .__|_| |_|_| |_\__, | / / / /
 =========|_|==============|___/=/_/_/_/

 :: Spring Boot ::                (v3.3.5)

2024-12-08T18:25:08.393-05:00  INFO 75131 --- [HighEndDetailing] [    Test worker] a.d.AppointmentControllerIntegrationTest : Starting AppointmentControllerIntegrationTest using Java 17.0.3 with PID 75131 (started by zacharylelievre in /Users/zacharylelievre/Documents/HighEndDetailing/HighEndDetailing/detailing-be)
2024-12-08T18:25:08.393-05:00  INFO 75131 --- [HighEndDetailing] [    Test worker] a.d.AppointmentControllerIntegrationTest : No active profile set, falling back to 1 default profile: "default"
2024-12-08T18:25:08.535-05:00  INFO 75131 --- [HighEndDetailing] [    Test worker] .s.d.r.c.RepositoryConfigurationDelegate : Bootstrapping Spring Data JPA repositories in DEFAULT mode.
2024-12-08T18:25:08.546-05:00  INFO 75131 --- [HighEndDetailing] [    Test worker] .s.d.r.c.RepositoryConfigurationDelegate : Finished Spring Data repository scanning in 10 ms. Found 2 JPA repository interfaces.
2024-12-08T18:25:08.610-05:00  WARN 75131 --- [HighEndDetailing] [    Test worker] trationDelegate$BeanPostProcessorChecker : Bean 'org.springframework.ws.config.annotation.DelegatingWsConfiguration' of type [org.springframework.ws.config.annotation.DelegatingWsConfiguration$$SpringCGLIB$$0] is not eligible for getting processed by all BeanPostProcessors (for example: not eligible for auto-proxying). The currently created BeanPostProcessor [annotationActionEndpointMapping] is declared through a non-static factory method on that class; consider declaring it as static instead.
2024-12-08T18:25:08.611-05:00  INFO 75131 --- [HighEndDetailing] [    Test worker] .w.s.a.s.AnnotationActionEndpointMapping : Supporting [WS-Addressing August 2004, WS-Addressing 1.0]
2024-12-08T18:25:08.830-05:00  INFO 75131 --- [HighEndDetailing] [    Test worker] o.s.b.w.embedded.tomcat.TomcatWebServer  : Tomcat initialized with port 0 (http)
2024-12-08T18:25:08.857-05:00  INFO 75131 --- [HighEndDetailing] [    Test worker] o.apache.catalina.core.StandardService   : Starting service [Tomcat]
2024-12-08T18:25:08.858-05:00  INFO 75131 --- [HighEndDetailing] [    Test worker] o.apache.catalina.core.StandardEngine    : Starting Servlet engine: [Apache Tomcat/10.1.31]
2024-12-08T18:25:08.932-05:00  INFO 75131 --- [HighEndDetailing] [    Test worker] o.a.c.c.C.[Tomcat].[localhost].[/]       : Initializing Spring embedded WebApplicationContext
2024-12-08T18:25:08.933-05:00  INFO 75131 --- [HighEndDetailing] [    Test worker] w.s.c.ServletWebServerApplicationContext : Root WebApplicationContext: initialization completed in 538 ms
2024-12-08T18:25:09.030-05:00  INFO 75131 --- [HighEndDetailing] [    Test worker] com.zaxxer.hikari.HikariDataSource       : HikariPool-2 - Starting...
2024-12-08T18:25:09.033-05:00  INFO 75131 --- [HighEndDetailing] [    Test worker] com.zaxxer.hikari.pool.HikariPool        : HikariPool-2 - Added connection conn21: url=jdbc:h2:mem:bed4045d-d7ae-4c31-8b24-95935f4a3b4e user=SA
2024-12-08T18:25:09.033-05:00  INFO 75131 --- [HighEndDetailing] [    Test worker] com.zaxxer.hikari.HikariDataSource       : HikariPool-2 - Start completed.
2024-12-08T18:25:09.051-05:00  INFO 75131 --- [HighEndDetailing] [    Test worker] o.hibernate.jpa.internal.util.LogHelper  : HHH000204: Processing PersistenceUnitInfo [name: default]
2024-12-08T18:25:09.054-05:00  INFO 75131 --- [HighEndDetailing] [    Test worker] o.h.c.internal.RegionFactoryInitiator    : HHH000026: Second-level cache disabled
2024-12-08T18:25:09.062-05:00  INFO 75131 --- [HighEndDetailing] [    Test worker] o.s.o.j.p.SpringPersistenceUnitInfo      : No LoadTimeWeaver setup: ignoring JPA class transformer
2024-12-08T18:25:09.125-05:00  INFO 75131 --- [HighEndDetailing] [    Test worker] o.h.e.t.j.p.i.JtaPlatformInitiator       : HHH000489: No JTA platform available (set 'hibernate.transaction.jta.platform' to enable JTA platform integration)
2024-12-08T18:25:09.129-05:00  INFO 75131 --- [HighEndDetailing] [    Test worker] j.LocalContainerEntityManagerFactoryBean : Initialized JPA EntityManagerFactory for persistence unit 'default'
2024-12-08T18:25:09.184-05:00  WARN 75131 --- [HighEndDetailing] [    Test worker] JpaBaseConfiguration$JpaWebConfiguration : spring.jpa.open-in-view is enabled by default. Therefore, database queries may be performed during view rendering. Explicitly configure spring.jpa.open-in-view to disable this warning
2024-12-08T18:25:09.339-05:00  INFO 75131 --- [HighEndDetailing] [    Test worker] o.s.b.w.embedded.tomcat.TomcatWebServer  : Tomcat started on port 62792 (http) with context path '/'
2024-12-08T18:25:09.343-05:00  INFO 75131 --- [HighEndDetailing] [    Test worker] a.d.AppointmentControllerIntegrationTest : Started AppointmentControllerIntegrationTest in 0.99 seconds (process running for 6.809)
2024-12-08T18:25:09.765-05:00  INFO 75131 --- [HighEndDetailing] [o-auto-1-exec-1] o.a.c.c.C.[Tomcat].[localhost].[/]       : Initializing Spring DispatcherServlet 'dispatcherServlet'
2024-12-08T18:25:09.765-05:00  INFO 75131 --- [HighEndDetailing] [o-auto-1-exec-1] o.s.web.servlet.DispatcherServlet        : Initializing Servlet 'dispatcherServlet'
2024-12-08T18:25:09.766-05:00  INFO 75131 --- [HighEndDetailing] [o-auto-1-exec-1] o.s.web.servlet.DispatcherServlet        : Completed initialization in 1 ms
]]></system-out>
  <system-err><![CDATA[]]></system-err>
</testsuite>
