<?xml version="1.0" encoding="UTF-8"?>
<testsuite name="com.example.highenddetailing.appointmentsubdomain.datalayer.AppointmentRepositoryIntegrationTest" tests="1" skipped="0" failures="0" errors="0" timestamp="2024-12-08T19:48:09" hostname="Zacharys-MacBook-Pro.local" time="0.01">
  <properties/>
  <testcase name="whenFindAll_thenReturnAllAppointments()" classname="com.example.highenddetailing.appointmentsubdomain.datalayer.AppointmentRepositoryIntegrationTest" time="0.01"/>
  <system-out><![CDATA[2024-12-08T14:48:09.574-05:00  INFO 65884 --- [HighEndDetailing] [    Test worker] t.c.s.AnnotationConfigContextLoaderUtils : Could not detect default configuration classes for test class [com.example.highenddetailing.appointmentsubdomain.datalayer.AppointmentRepositoryIntegrationTest]: AppointmentRepositoryIntegrationTest does not declare any static, non-private, non-final, nested classes annotated with @Configuration.
2024-12-08T14:48:09.596-05:00  INFO 65884 --- [HighEndDetailing] [    Test worker] .b.t.c.SpringBootTestContextBootstrapper : Found @SpringBootConfiguration com.example.highenddetailing.HighEndDetailingApplication for test class com.example.highenddetailing.appointmentsubdomain.datalayer.AppointmentRepositoryIntegrationTest
Hibernate: insert into appointments (appointment_date,appointment_id,appointment_time,customer_id,employee_id,image_path,service_id,status,id) values (?,?,?,?,?,?,?,?,?)
Hibernate: insert into appointments (appointment_date,appointment_id,appointment_time,customer_id,employee_id,image_path,service_id,status,id) values (?,?,?,?,?,?,?,?,?)
Hibernate: select a1_0.id,a1_0.appointment_date,a1_0.appointment_id,a1_0.appointment_time,a1_0.customer_id,a1_0.employee_id,a1_0.image_path,a1_0.service_id,a1_0.status from appointments a1_0
]]></system-out>
  <system-err><![CDATA[]]></system-err>
</testsuite>
