<?xml version="1.0" encoding="UTF-8"?>
<testsuite name="com.example.highenddetailing.servicessubdomain.domainclientlayer.ServicesControllerIntegrationTest" tests="2" skipped="0" failures="0" errors="0" timestamp="2024-12-08T10:59:11" hostname="JESSESPC" time="0.543">
  <properties/>
  <testcase name="whenGetServiceById_thenReturnService()" classname="com.example.highenddetailing.servicessubdomain.domainclientlayer.ServicesControllerIntegrationTest" time="0.505"/>
  <testcase name="whenGetAllServices_thenReturnAllServices()" classname="com.example.highenddetailing.servicessubdomain.domainclientlayer.ServicesControllerIntegrationTest" time="0.037"/>
  <system-out><![CDATA[2024-12-08T05:59:10.435-05:00  INFO 24516 --- [HighEndDetailing] [    Test worker] t.c.s.AnnotationConfigContextLoaderUtils : Could not detect default configuration classes for test class [com.example.highenddetailing.servicessubdomain.domainclientlayer.ServicesControllerIntegrationTest]: ServicesControllerIntegrationTest does not declare any static, non-private, non-final, nested classes annotated with @Configuration.
2024-12-08T05:59:10.448-05:00  INFO 24516 --- [HighEndDetailing] [    Test worker] .b.t.c.SpringBootTestContextBootstrapper : Found @SpringBootConfiguration com.example.highenddetailing.HighEndDetailingApplication for test class com.example.highenddetailing.servicessubdomain.domainclientlayer.ServicesControllerIntegrationTest

  .   ____          _            __ _ _
 /\\ / ___'_ __ _ _(_)_ __  __ _ \ \ \ \
( ( )\___ | '_ | '_| | '_ \/ _` | \ \ \ \
 \\/  ___)| |_)| | | | | || (_| |  ) ) ) )
  '  |____| .__|_| |_|_| |_\__, | / / / /
 =========|_|==============|___/=/_/_/_/

 :: Spring Boot ::                (v3.3.5)

2024-12-08T05:59:10.487-05:00  INFO 24516 --- [HighEndDetailing] [    Test worker] .h.s.d.ServicesControllerIntegrationTest : Starting ServicesControllerIntegrationTest using Java 17.0.11 with PID 24516 (started by Jess in J:\FinalProject\HighEnd\detailing-be)
2024-12-08T05:59:10.487-05:00  INFO 24516 --- [HighEndDetailing] [    Test worker] .h.s.d.ServicesControllerIntegrationTest : No active profile set, falling back to 1 default profile: "default"
2024-12-08T05:59:10.638-05:00  INFO 24516 --- [HighEndDetailing] [    Test worker] .s.d.r.c.RepositoryConfigurationDelegate : Bootstrapping Spring Data JPA repositories in DEFAULT mode.
2024-12-08T05:59:10.648-05:00  INFO 24516 --- [HighEndDetailing] [    Test worker] .s.d.r.c.RepositoryConfigurationDelegate : Finished Spring Data repository scanning in 9 ms. Found 1 JPA repository interface.
2024-12-08T05:59:10.712-05:00  WARN 24516 --- [HighEndDetailing] [    Test worker] trationDelegate$BeanPostProcessorChecker : Bean 'org.springframework.ws.config.annotation.DelegatingWsConfiguration' of type [org.springframework.ws.config.annotation.DelegatingWsConfiguration$$SpringCGLIB$$0] is not eligible for getting processed by all BeanPostProcessors (for example: not eligible for auto-proxying). The currently created BeanPostProcessor [annotationActionEndpointMapping] is declared through a non-static factory method on that class; consider declaring it as static instead.
2024-12-08T05:59:10.713-05:00  INFO 24516 --- [HighEndDetailing] [    Test worker] .w.s.a.s.AnnotationActionEndpointMapping : Supporting [WS-Addressing August 2004, WS-Addressing 1.0]
2024-12-08T05:59:10.900-05:00  INFO 24516 --- [HighEndDetailing] [    Test worker] o.s.b.w.embedded.tomcat.TomcatWebServer  : Tomcat initialized with port 0 (http)
2024-12-08T05:59:10.925-05:00  INFO 24516 --- [HighEndDetailing] [    Test worker] o.apache.catalina.core.StandardService   : Starting service [Tomcat]
2024-12-08T05:59:10.925-05:00  INFO 24516 --- [HighEndDetailing] [    Test worker] o.apache.catalina.core.StandardEngine    : Starting Servlet engine: [Apache Tomcat/10.1.31]
2024-12-08T05:59:11.013-05:00  INFO 24516 --- [HighEndDetailing] [    Test worker] o.a.c.c.C.[Tomcat].[localhost].[/]       : Initializing Spring embedded WebApplicationContext
2024-12-08T05:59:11.014-05:00  INFO 24516 --- [HighEndDetailing] [    Test worker] w.s.c.ServletWebServerApplicationContext : Root WebApplicationContext: initialization completed in 524 ms
2024-12-08T05:59:11.104-05:00  INFO 24516 --- [HighEndDetailing] [    Test worker] com.zaxxer.hikari.HikariDataSource       : HikariPool-2 - Starting...
2024-12-08T05:59:11.107-05:00  INFO 24516 --- [HighEndDetailing] [    Test worker] com.zaxxer.hikari.pool.HikariPool        : HikariPool-2 - Added connection conn21: url=jdbc:h2:mem:ba980aeb-dccf-4424-b812-aa182e487bfa user=SA
2024-12-08T05:59:11.107-05:00  INFO 24516 --- [HighEndDetailing] [    Test worker] com.zaxxer.hikari.HikariDataSource       : HikariPool-2 - Start completed.
2024-12-08T05:59:11.126-05:00  INFO 24516 --- [HighEndDetailing] [    Test worker] o.hibernate.jpa.internal.util.LogHelper  : HHH000204: Processing PersistenceUnitInfo [name: default]
2024-12-08T05:59:11.130-05:00  INFO 24516 --- [HighEndDetailing] [    Test worker] o.h.c.internal.RegionFactoryInitiator    : HHH000026: Second-level cache disabled
2024-12-08T05:59:11.140-05:00  INFO 24516 --- [HighEndDetailing] [    Test worker] o.s.o.j.p.SpringPersistenceUnitInfo      : No LoadTimeWeaver setup: ignoring JPA class transformer
2024-12-08T05:59:11.178-05:00  INFO 24516 --- [HighEndDetailing] [    Test worker] o.h.e.t.j.p.i.JtaPlatformInitiator       : HHH000489: No JTA platform available (set 'hibernate.transaction.jta.platform' to enable JTA platform integration)
2024-12-08T05:59:11.181-05:00  INFO 24516 --- [HighEndDetailing] [    Test worker] j.LocalContainerEntityManagerFactoryBean : Initialized JPA EntityManagerFactory for persistence unit 'default'
2024-12-08T05:59:11.241-05:00  WARN 24516 --- [HighEndDetailing] [    Test worker] JpaBaseConfiguration$JpaWebConfiguration : spring.jpa.open-in-view is enabled by default. Therefore, database queries may be performed during view rendering. Explicitly configure spring.jpa.open-in-view to disable this warning
2024-12-08T05:59:11.394-05:00  INFO 24516 --- [HighEndDetailing] [    Test worker] o.s.b.w.embedded.tomcat.TomcatWebServer  : Tomcat started on port 61283 (http) with context path '/'
2024-12-08T05:59:11.397-05:00  INFO 24516 --- [HighEndDetailing] [    Test worker] .h.s.d.ServicesControllerIntegrationTest : Started ServicesControllerIntegrationTest in 0.946 seconds (process running for 8.176)
2024-12-08T05:59:11.797-05:00  INFO 24516 --- [HighEndDetailing] [o-auto-1-exec-1] o.a.c.c.C.[Tomcat].[localhost].[/]       : Initializing Spring DispatcherServlet 'dispatcherServlet'
2024-12-08T05:59:11.797-05:00  INFO 24516 --- [HighEndDetailing] [o-auto-1-exec-1] o.s.web.servlet.DispatcherServlet        : Initializing Servlet 'dispatcherServlet'
2024-12-08T05:59:11.799-05:00  INFO 24516 --- [HighEndDetailing] [o-auto-1-exec-1] o.s.web.servlet.DispatcherServlet        : Completed initialization in 0 ms
]]></system-out>
  <system-err><![CDATA[]]></system-err>
</testsuite>
