<?xml version="1.0" encoding="UTF-8"?>
<testsuite name="com.example.highenddetailing.appointmentsubdomain.datalayer.AppointmentRepositoryIntegrationTest" tests="1" skipped="0" failures="0" errors="0" timestamp="2024-12-11T15:19:36" hostname="LAPTOP-29CVF696" time="0.019">
  <properties/>
  <testcase name="whenFindAll_thenReturnAllAppointments()" classname="com.example.highenddetailing.appointmentsubdomain.datalayer.AppointmentRepositoryIntegrationTest" time="0.019"/>
  <system-out><![CDATA[2024-12-11T10:19:36.000-05:00  INFO 15604 --- [HighEndDetailing] [    Test worker] t.c.s.AnnotationConfigContextLoaderUtils : Could not detect default configuration classes for test class [com.example.highenddetailing.appointmentsubdomain.datalayer.AppointmentRepositoryIntegrationTest]: AppointmentRepositoryIntegrationTest does not declare any static, non-private, non-final, nested classes annotated with @Configuration.
2024-12-11T10:19:36.055-05:00  INFO 15604 --- [HighEndDetailing] [    Test worker] .b.t.c.SpringBootTestContextBootstrapper : Found @SpringBootConfiguration com.example.highenddetailing.HighEndDetailingApplication for test class com.example.highenddetailing.appointmentsubdomain.datalayer.AppointmentRepositoryIntegrationTest
Hibernate: insert into appointments (appointment_date,appointment_id,appointment_time,customer_id,customer_name,employee_id,employee_name,image_path,service_id,service_name,status,id) values (?,?,?,?,?,?,?,?,?,?,?,?)
Hibernate: insert into appointments (appointment_date,appointment_id,appointment_time,customer_id,customer_name,employee_id,employee_name,image_path,service_id,service_name,status,id) values (?,?,?,?,?,?,?,?,?,?,?,?)
Hibernate: select a1_0.id,a1_0.appointment_date,a1_0.appointment_id,a1_0.appointment_time,a1_0.customer_id,a1_0.customer_name,a1_0.employee_id,a1_0.employee_name,a1_0.image_path,a1_0.service_id,a1_0.service_name,a1_0.status from appointments a1_0
]]></system-out>
  <system-err><![CDATA[]]></system-err>
</testsuite>
