<?xml version="1.0" encoding="UTF-8"?>
<testsuite name="com.example.highenddetailing.appointmentsubdomain.domainclientlayer.AppointmentResponseModelTest" tests="8" skipped="0" failures="0" errors="0" timestamp="2024-12-11T18:31:37" hostname="Zacharys-MacBook-Pro.local" time="0.014">
  <properties/>
  <testcase name="testBuild()" classname="com.example.highenddetailing.appointmentsubdomain.domainclientlayer.AppointmentResponseModelTest" time="0.007"/>
  <testcase name="testToString()" classname="com.example.highenddetailing.appointmentsubdomain.domainclientlayer.AppointmentResponseModelTest" time="0.004"/>
  <testcase name="testNoArgsConstructor()" classname="com.example.highenddetailing.appointmentsubdomain.domainclientlayer.AppointmentResponseModelTest" time="0.0"/>
  <testcase name="testAllArgsConstructor()" classname="com.example.highenddetailing.appointmentsubdomain.domainclientlayer.AppointmentResponseModelTest" time="0.0"/>
  <testcase name="testCanEqual()" classname="com.example.highenddetailing.appointmentsubdomain.domainclientlayer.AppointmentResponseModelTest" time="0.001"/>
  <testcase name="testAppointmentResponseModelBuilder()" classname="com.example.highenddetailing.appointmentsubdomain.domainclientlayer.AppointmentResponseModelTest" time="0.0"/>
  <testcase name="testEqualsAndHashCode()" classname="com.example.highenddetailing.appointmentsubdomain.domainclientlayer.AppointmentResponseModelTest" time="0.001"/>
  <testcase name="testSetters()" classname="com.example.highenddetailing.appointmentsubdomain.domainclientlayer.AppointmentResponseModelTest" time="0.0"/>
  <system-out><![CDATA[]]></system-out>
  <system-err><![CDATA[]]></system-err>
</testsuite>
