<?xml version="1.0" encoding="UTF-8"?>
<testsuite name="com.example.highenddetailing.servicessubdomain.datalayer.ServiceRepositoryIntegrationTest" tests="1" skipped="0" failures="0" errors="0" timestamp="2024-12-08T19:48:11" hostname="Zacharys-MacBook-Pro.local" time="0.02">
  <properties/>
  <testcase name="whenFindAll_thenReturnAllServices()" classname="com.example.highenddetailing.servicessubdomain.datalayer.ServiceRepositoryIntegrationTest" time="0.02"/>
  <system-out><![CDATA[2024-12-08T14:48:11.603-05:00  INFO 65884 --- [HighEndDetailing] [    Test worker] t.c.s.AnnotationConfigContextLoaderUtils : Could not detect default configuration classes for test class [com.example.highenddetailing.servicessubdomain.datalayer.ServiceRepositoryIntegrationTest]: ServiceRepositoryIntegrationTest does not declare any static, non-private, non-final, nested classes annotated with @Configuration.
2024-12-08T14:48:11.612-05:00  INFO 65884 --- [HighEndDetailing] [    Test worker] .b.t.c.SpringBootTestContextBootstrapper : Found @SpringBootConfiguration com.example.highenddetailing.HighEndDetailingApplication for test class com.example.highenddetailing.servicessubdomain.datalayer.ServiceRepositoryIntegrationTest
Hibernate: insert into services (image_path,price,service_id,service_name,time_required,id) values (?,?,?,?,?,default)
Hibernate: insert into services (image_path,price,service_id,service_name,time_required,id) values (?,?,?,?,?,default)
Hibernate: select s1_0.id,s1_0.image_path,s1_0.price,s1_0.service_id,s1_0.service_name,s1_0.time_required from services s1_0
]]></system-out>
  <system-err><![CDATA[]]></system-err>
</testsuite>
